This is pdfTeX, Version 3.141592653-2.6-1.40.28 (MiKTeX 25.12) (preloaded format=pdflatex.fmt)
 restricted \write18 enabled.
entering extended mode
(coverletter_alten_software-architect.tex
LaTeX2e <2025-11-01>
L3 programming layer <2025-12-24>

(C:\Users\andreas.butry\AppData\Local\Programs\MiKTeX\tex/latex/moderncv\modern
cv.cls
Document Class: moderncv 2026-06-24 v2.6.1 modern curriculum vitae and letter d
ocument class

(C:\Users\andreas.butry\AppData\Local\Programs\MiKTeX\tex/latex/base\size10.clo
)
(C:\Users\andreas.butry\AppData\Local\Programs\MiKTeX\tex/latex/etoolbox\etoolb
ox.sty)
(C:\Users\andreas.butry\AppData\Local\Programs\MiKTeX\tex/latex/base\ifthen.sty
)
(C:\Users\andreas.butry\AppData\Local\Programs\MiKTeX\tex/latex/xcolor\xcolor.s
ty
(C:\Users\andreas.butry\AppData\Local\Programs\MiKTeX\tex/latex/graphics-cfg\co
lor.cfg)
(C:\Users\andreas.butry\AppData\Local\Programs\MiKTeX\tex/latex/graphics-def\pd
ftex.def)
(C:\Users\andreas.butry\AppData\Local\Programs\MiKTeX\tex/latex/graphics\mathco
lor.ltx))
(C:\Users\andreas.butry\AppData\Local\Programs\MiKTeX\tex/latex/colortbl\colort
bl.sty
(C:\Users\andreas.butry\AppData\Local\Programs\MiKTeX\tex/latex/tools\array.sty
))
(C:\Users\andreas.butry\AppData\Local\Programs\MiKTeX\tex/generic/iftex\iftex.s
ty) (C:\Users\andreas.butry\AppData\Local\Programs\MiKTeX\tex/latex/url\url.sty
)
(C:\Users\andreas.butry\AppData\Local\Programs\MiKTeX\tex/latex/base\fontenc.st
y)
(C:\Users\andreas.butry\AppData\Local\Programs\MiKTeX\tex/latex/graphics\graphi
cx.sty
(C:\Users\andreas.butry\AppData\Local\Programs\MiKTeX\tex/latex/graphics\keyval
.sty)
(C:\Users\andreas.butry\AppData\Local\Programs\MiKTeX\tex/latex/graphics\graphi
cs.sty
(C:\Users\andreas.butry\AppData\Local\Programs\MiKTeX\tex/latex/graphics\trig.s
ty)
(C:\Users\andreas.butry\AppData\Local\Programs\MiKTeX\tex/latex/graphics-cfg\gr
aphics.cfg)))
(C:\Users\andreas.butry\AppData\Local\Programs\MiKTeX\tex/latex/fancyhdr\fancyh
dr.sty)
(C:\Users\andreas.butry\AppData\Local\Programs\MiKTeX\tex/latex/moderncv\tweakl
ist.sty)
(C:\Users\andreas.butry\AppData\Local\Programs\MiKTeX\tex/latex/tools\calc.sty)

(C:\Users\andreas.butry\AppData\Local\Programs\MiKTeX\tex/latex/l3packages/xpar
se\xparse.sty
(C:\Users\andreas.butry\AppData\Local\Programs\MiKTeX\tex/latex/l3kernel\expl3.
sty
(C:\Users\andreas.butry\AppData\Local\Programs\MiKTeX\tex/latex/l3backend\l3bac
kend-pdftex.def)))
(C:\Users\andreas.butry\AppData\Local\Programs\MiKTeX\tex/latex/microtype\micro
type.sty
(C:\Users\andreas.butry\AppData\Local\Programs\MiKTeX\tex/latex/microtype\micro
type-pdftex.def)
(C:\Users\andreas.butry\AppData\Local\Programs\MiKTeX\tex/latex/microtype\micro
type.cfg))
(C:\Users\andreas.butry\AppData\Local\Programs\MiKTeX\tex/latex/moderncv\modern
cvcollection.sty)
(C:\Users\andreas.butry\AppData\Local\Programs\MiKTeX\tex/latex/moderncv\modern
cvcompatibility.sty))
(C:\Users\andreas.butry\AppData\Local\Programs\MiKTeX\tex/latex/moderncv\modern
cvstylebanking.sty
(C:\Users\andreas.butry\AppData\Local\Programs\MiKTeX\tex/latex/tex-gyre\tgpage
lla.sty
(C:\Users\andreas.butry\AppData\Local\Programs\MiKTeX\tex/latex/kvoptions\kvopt
ions.sty
(C:\Users\andreas.butry\AppData\Local\Programs\MiKTeX\tex/generic/ltxcmds\ltxcm
ds.sty)
(C:\Users\andreas.butry\AppData\Local\Programs\MiKTeX\tex/latex/kvsetkeys\kvset
keys.sty)))
(C:\Users\andreas.butry\AppData\Local\Programs\MiKTeX\tex/latex/moderncv\modern
cviconssymbols.sty

moderncv: academicons requires XeTeX/LuaTeX to work. Using alternatives.


(C:\Users\andreas.butry\AppData\Local\Programs\MiKTeX\tex/latex/moderncv\modern
cviconsawesome.sty
(C:\Users\andreas.butry\AppData\Local\Programs\MiKTeX\tex/latex/fontawesome6\fo
ntawesome6.sty
(C:\Users\andreas.butry\AppData\Local\Programs\MiKTeX\tex/latex/l3packages/l3ke
ys2e\l3keys2e.sty)
(C:\Users\andreas.butry\AppData\Local\Programs\MiKTeX\tex/latex/fontawesome6\fo
ntawesome6-generic-helper.sty
(C:\Users\andreas.butry\AppData\Local\Programs\MiKTeX\tex/latex/fontawesome6\fo
ntawesome6-mapping.def)))
(C:\Users\andreas.butry\AppData\Local\Programs\MiKTeX\tex/latex/moderncv\modern
cvcolors.sty))
(C:\Users\andreas.butry\AppData\Local\Programs\MiKTeX\tex/latex/moderncv\modern
cviconstikz.sty
(C:\Users\andreas.butry\AppData\Local\Programs\MiKTeX\tex/latex/pgf/frontendlay
er\tikz.sty
(C:\Users\andreas.butry\AppData\Local\Programs\MiKTeX\tex/latex/pgf/basiclayer\
pgf.sty
(C:\Users\andreas.butry\AppData\Local\Programs\MiKTeX\tex/latex/pgf/utilities\p
gfrcs.sty
(C:\Users\andreas.butry\AppData\Local\Programs\MiKTeX\tex/generic/pgf/utilities
\pgfutil-common.tex)
(C:\Users\andreas.butry\AppData\Local\Programs\MiKTeX\tex/generic/pgf/utilities
\pgfutil-latex.def)
(C:\Users\andreas.butry\AppData\Local\Programs\MiKTeX\tex/generic/pgf/utilities
\pgfrcs.code.tex
(C:\Users\andreas.butry\AppData\Local\Programs\MiKTeX\tex/generic/pgf\pgf.revis
ion.tex)))
(C:\Users\andreas.butry\AppData\Local\Programs\MiKTeX\tex/latex/pgf/basiclayer\
pgfcore.sty
(C:\Users\andreas.butry\AppData\Local\Programs\MiKTeX\tex/latex/pgf/systemlayer
\pgfsys.sty
(C:\Users\andreas.butry\AppData\Local\Programs\MiKTeX\tex/generic/pgf/systemlay
er\pgfsys.code.tex
(C:\Users\andreas.butry\AppData\Local\Programs\MiKTeX\tex/generic/pgf/utilities
\pgfkeys.code.tex
(C:\Users\andreas.butry\AppData\Local\Programs\MiKTeX\tex/generic/pgf/utilities
\pgfkeyslibraryfiltered.code.tex))
(C:\Users\andreas.butry\AppData\Local\Programs\MiKTeX\tex/generic/pgf/systemlay
er\pgf.cfg)
(C:\Users\andreas.butry\AppData\Local\Programs\MiKTeX\tex/generic/pgf/systemlay
er\pgfsys-pdftex.def
(C:\Users\andreas.butry\AppData\Local\Programs\MiKTeX\tex/generic/pgf/systemlay
er\pgfsys-common-pdf.def)))
(C:\Users\andreas.butry\AppData\Local\Programs\MiKTeX\tex/generic/pgf/systemlay
er\pgfsyssoftpath.code.tex)
(C:\Users\andreas.butry\AppData\Local\Programs\MiKTeX\tex/generic/pgf/systemlay
er\pgfsysprotocol.code.tex))
(C:\Users\andreas.butry\AppData\Local\Programs\MiKTeX\tex/generic/pgf/basiclaye
r\pgfcore.code.tex
(C:\Users\andreas.butry\AppData\Local\Programs\MiKTeX\tex/generic/pgf/math\pgfm
ath.code.tex
(C:\Users\andreas.butry\AppData\Local\Programs\MiKTeX\tex/generic/pgf/math\pgfm
athutil.code.tex)
(C:\Users\andreas.butry\AppData\Local\Programs\MiKTeX\tex/generic/pgf/math\pgfm
athparser.code.tex)
(C:\Users\andreas.butry\AppData\Local\Programs\MiKTeX\tex/generic/pgf/math\pgfm
athfunctions.code.tex)
(C:\Users\andreas.butry\AppData\Local\Programs\MiKTeX\tex/generic/pgf/math\pgfm
athfunctions.basic.code.tex)
(C:\Users\andreas.butry\AppData\Local\Programs\MiKTeX\tex/generic/pgf/math\pgfm
athfunctions.trigonometric.code.tex)
(C:\Users\andreas.butry\AppData\Local\Programs\MiKTeX\tex/generic/pgf/math\pgfm
athfunctions.random.code.tex)
(C:\Users\andreas.butry\AppData\Local\Programs\MiKTeX\tex/generic/pgf/math\pgfm
athfunctions.comparison.code.tex)
(C:\Users\andreas.butry\AppData\Local\Programs\MiKTeX\tex/generic/pgf/math\pgfm
athfunctions.base.code.tex)
(C:\Users\andreas.butry\AppData\Local\Programs\MiKTeX\tex/generic/pgf/math\pgfm
athfunctions.round.code.tex)
(C:\Users\andreas.butry\AppData\Local\Programs\MiKTeX\tex/generic/pgf/math\pgfm
athfunctions.misc.code.tex)
(C:\Users\andreas.butry\AppData\Local\Programs\MiKTeX\tex/generic/pgf/math\pgfm
athfunctions.integerarithmetics.code.tex)
(C:\Users\andreas.butry\AppData\Local\Programs\MiKTeX\tex/generic/pgf/math\pgfm
athcalc.code.tex)
(C:\Users\andreas.butry\AppData\Local\Programs\MiKTeX\tex/generic/pgf/math\pgfm
athfloat.code.tex))
(C:\Users\andreas.butry\AppData\Local\Programs\MiKTeX\tex/generic/pgf/math\pgfi
nt.code.tex)
(C:\Users\andreas.butry\AppData\Local\Programs\MiKTeX\tex/generic/pgf/basiclaye
r\pgfcorepoints.code.tex
(C:\Users\andreas.butry\AppData\Local\Programs\MiKTeX\tex/latex/tex-gyre\t1qpl.
fd))
(C:\Users\andreas.butry\AppData\Local\Programs\MiKTeX\tex/generic/pgf/basiclaye
r\pgfcorepathconstruct.code.tex)
(C:\Users\andreas.butry\AppData\Local\Programs\MiKTeX\tex/generic/pgf/basiclaye
r\pgfcorepathusage.code.tex)
(C:\Users\andreas.butry\AppData\Local\Programs\MiKTeX\tex/generic/pgf/basiclaye
r\pgfcorescopes.code.tex)
(C:\Users\andreas.butry\AppData\Local\Programs\MiKTeX\tex/generic/pgf/basiclaye
r\pgfcoregraphicstate.code.tex)
(C:\Users\andreas.butry\AppData\Local\Programs\MiKTeX\tex/generic/pgf/basiclaye
r\pgfcoretransformations.code.tex)
(C:\Users\andreas.butry\AppData\Local\Programs\MiKTeX\tex/generic/pgf/basiclaye
r\pgfcorequick.code.tex)
(C:\Users\andreas.butry\AppData\Local\Programs\MiKTeX\tex/generic/pgf/basiclaye
r\pgfcoreobjects.code.tex)
(C:\Users\andreas.butry\AppData\Local\Programs\MiKTeX\tex/generic/pgf/basiclaye
r\pgfcorepathprocessing.code.tex)
(C:\Users\andreas.butry\AppData\Local\Programs\MiKTeX\tex/generic/pgf/basiclaye
r\pgfcorearrows.code.tex)
(C:\Users\andreas.butry\AppData\Local\Programs\MiKTeX\tex/generic/pgf/basiclaye
r\pgfcoreshade.code.tex)
(C:\Users\andreas.butry\AppData\Local\Programs\MiKTeX\tex/generic/pgf/basiclaye
r\pgfcoreimage.code.tex)
(C:\Users\andreas.butry\AppData\Local\Programs\MiKTeX\tex/generic/pgf/basiclaye
r\pgfcoreexternal.code.tex)
(C:\Users\andreas.butry\AppData\Local\Programs\MiKTeX\tex/generic/pgf/basiclaye
r\pgfcorelayers.code.tex)
(C:\Users\andreas.butry\AppData\Local\Programs\MiKTeX\tex/generic/pgf/basiclaye
r\pgfcoretransparency.code.tex)
(C:\Users\andreas.butry\AppData\Local\Programs\MiKTeX\tex/generic/pgf/basiclaye
r\pgfcorepatterns.code.tex)
(C:\Users\andreas.butry\AppData\Local\Programs\MiKTeX\tex/generic/pgf/basiclaye
r\pgfcorerdf.code.tex)))
(C:\Users\andreas.butry\AppData\Local\Programs\MiKTeX\tex/generic/pgf/modules\p
gfmoduleshapes.code.tex)
(C:\Users\andreas.butry\AppData\Local\Programs\MiKTeX\tex/generic/pgf/modules\p
gfmoduleplot.code.tex)
(C:\Users\andreas.butry\AppData\Local\Programs\MiKTeX\tex/latex/pgf/compatibili
ty\pgfcomp-version-0-65.sty)
(C:\Users\andreas.butry\AppData\Local\Programs\MiKTeX\tex/latex/pgf/compatibili
ty\pgfcomp-version-1-18.sty))
(C:\Users\andreas.butry\AppData\Local\Programs\MiKTeX\tex/latex/pgf/utilities\p
gffor.sty
(C:\Users\andreas.butry\AppData\Local\Programs\MiKTeX\tex/latex/pgf/utilities\p
gfkeys.sty
(C:\Users\andreas.butry\AppData\Local\Programs\MiKTeX\tex/generic/pgf/utilities
\pgfkeys.code.tex))
(C:\Users\andreas.butry\AppData\Local\Programs\MiKTeX\tex/latex/pgf/math\pgfmat
h.sty
(C:\Users\andreas.butry\AppData\Local\Programs\MiKTeX\tex/generic/pgf/math\pgfm
ath.code.tex))
(C:\Users\andreas.butry\AppData\Local\Programs\MiKTeX\tex/generic/pgf/utilities
\pgffor.code.tex))
(C:\Users\andreas.butry\AppData\Local\Programs\MiKTeX\tex/generic/pgf/frontendl
ayer/tikz\tikz.code.tex
(C:\Users\andreas.butry\AppData\Local\Programs\MiKTeX\tex/generic/pgf/libraries
\pgflibraryplothandlers.code.tex)
(C:\Users\andreas.butry\AppData\Local\Programs\MiKTeX\tex/generic/pgf/modules\p
gfmodulematrix.code.tex)
(C:\Users\andreas.butry\AppData\Local\Programs\MiKTeX\tex/generic/pgf/frontendl
ayer/tikz/libraries\tikzlibrarytopaths.code.tex)))
(C:\Users\andreas.butry\AppData\Local\Programs\MiKTeX\tex/generic/pgf/frontendl
ayer/tikz/libraries\tikzlibrarybabel.code.tex)))
(C:\Users\andreas.butry\AppData\Local\Programs\MiKTeX\tex/latex/moderncv\modern
cvheadiii.sty)
(C:\Users\andreas.butry\AppData\Local\Programs\MiKTeX\tex/latex/moderncv\modern
cvbodyiii.sty
(C:\Users\andreas.butry\AppData\Local\Programs\MiKTeX\tex/latex/moderncv\modern
cvskillmatrix.sty
(C:\Users\andreas.butry\AppData\Local\Programs\MiKTeX\tex/latex/multirow\multir
ow.sty))
(C:\Users\andreas.butry\AppData\Local\Programs\MiKTeX\tex/latex/fontawesome6\uf
ontawesome6free1.fd)))
(C:\Users\andreas.butry\AppData\Local\Programs\MiKTeX\tex/latex/moderncv\modern
cvcolorblue.sty)
(C:\Users\andreas.butry\AppData\Local\Programs\MiKTeX\tex/latex/base\inputenc.s
ty)
(C:\Users\andreas.butry\AppData\Local\Programs\MiKTeX\tex/latex/base\fontenc.st
y)
(C:\Users\andreas.butry\AppData\Local\Programs\MiKTeX\tex/generic/babel\babel.s
ty
(C:\Users\andreas.butry\AppData\Local\Programs\MiKTeX\tex/generic/babel\txtbabe
l.def)
*************************************
* Local config file bblopts.cfg used
*

(C:\Users\andreas.butry\AppData\Local\Programs\MiKTeX\tex/latex/arabi\bblopts.c
fg)
(C:\Users\andreas.butry\AppData\Local\Programs\MiKTeX\tex/generic/babel/locale/
invalid\babel-ngerman.tex)
(C:\Users\andreas.butry\AppData\Local\Programs\MiKTeX\tex/latex/babel-german\ng
erman.ldf
(C:\Users\andreas.butry\AppData\Local\Programs\MiKTeX\tex/latex/babel-german\ba
bel-german.def)))
(C:\Users\andreas.butry\AppData\Local\Programs\MiKTeX\tex/latex/geometry\geomet
ry.sty
(C:\Users\andreas.butry\AppData\Local\Programs\MiKTeX\tex/generic/iftex\ifvtex.
sty)
(C:\Users\andreas.butry\AppData\Local\Programs\MiKTeX\tex/latex/geometry\geomet
ry.cfg))
(C:\Users\andreas.butry\AppData\Local\Programs\MiKTeX\tex/latex/lm\lmodern.sty)

(C:\Users\andreas.butry\AppData\Local\Programs\MiKTeX\tex/latex/tcolorbox\tcolo
rbox.sty
(C:\Users\andreas.butry\AppData\Local\Programs\MiKTeX\tex/latex/tools\verbatim.
sty)
(C:\Users\andreas.butry\AppData\Local\Programs\MiKTeX\tex/latex/environ\environ
.sty
(C:\Users\andreas.butry\AppData\Local\Programs\MiKTeX\tex/latex/trimspaces\trim
spaces.sty)))
(C:\Users\andreas.butry\AppData\Local\Programs\MiKTeX\tex/latex/tools\tabularx.
sty)
(C:\Users\andreas.butry\AppData\Local\Programs\MiKTeX\tex/latex/booktabs\bookta
bs.sty)
(C:\Users\andreas.butry\AppData\Local\Programs\MiKTeX\tex/latex/hyperref\hyperr
ef.sty
(C:\Users\andreas.butry\AppData\Local\Programs\MiKTeX\tex/generic/kvdefinekeys\
kvdefinekeys.sty)
(C:\Users\andreas.butry\AppData\Local\Programs\MiKTeX\tex/generic/pdfescape\pdf
escape.sty
(C:\Users\andreas.butry\AppData\Local\Programs\MiKTeX\tex/generic/pdftexcmds\pd
ftexcmds.sty
(C:\Users\andreas.butry\AppData\Local\Programs\MiKTeX\tex/generic/infwarerr\inf
warerr.sty)))
(C:\Users\andreas.butry\AppData\Local\Programs\MiKTeX\tex/latex/hycolor\hycolor
.sty)
(C:\Users\andreas.butry\AppData\Local\Programs\MiKTeX\tex/latex/hyperref\namere
f.sty
(C:\Users\andreas.butry\AppData\Local\Programs\MiKTeX\tex/latex/refcount\refcou
nt.sty)
(C:\Users\andreas.butry\AppData\Local\Programs\MiKTeX\tex/generic/gettitlestrin
g\gettitlestring.sty))
(C:\Users\andreas.butry\AppData\Local\Programs\MiKTeX\tex/generic/stringenc\str
ingenc.sty)
(C:\Users\andreas.butry\AppData\Local\Programs\MiKTeX\tex/latex/hyperref\pd1enc
.def)
(C:\Users\andreas.butry\AppData\Local\Programs\MiKTeX\tex/generic/intcalc\intca
lc.sty)
(C:\Users\andreas.butry\AppData\Local\Programs\MiKTeX\tex/latex/hyperref\puenc.
def)
(C:\Users\andreas.butry\AppData\Local\Programs\MiKTeX\tex/generic/bitset\bitset
.sty
(C:\Users\andreas.butry\AppData\Local\Programs\MiKTeX\tex/generic/bigintcalc\bi
gintcalc.sty)))
(C:\Users\andreas.butry\AppData\Local\Programs\MiKTeX\tex/latex/hyperref\hpdfte
x.def
(C:\Users\andreas.butry\AppData\Local\Programs\MiKTeX\tex/latex/rerunfilecheck\
rerunfilecheck.sty
(C:\Users\andreas.butry\AppData\Local\Programs\MiKTeX\tex/generic/uniquecounter
\uniquecounter.sty)))
(C:\Users\andreas.butry\AppData\Local\Programs\MiKTeX\tex/latex/lm\t1lmr.fd)
(coverletter_alten_software-architect.aux)
(C:\Users\andreas.butry\AppData\Local\Programs\MiKTeX\tex/context/base/mkii\sup
p-pdf.mkii
[Loading MPS to PDF converter (version 2006.09.02).]
)
(C:\Users\andreas.butry\AppData\Local\Programs\MiKTeX\tex/latex/epstopdf-pkg\ep
stopdf-base.sty
(C:\Users\andreas.butry\AppData\Local\Programs\MiKTeX\tex/latex/00miktex\epstop
df-sys.cfg))
(C:\Users\andreas.butry\AppData\Local\Programs\MiKTeX\tex/latex/microtype\mt-cm
r.cfg)
*geometry* driver: auto-detecting
*geometry* detected driver: pdftex
(coverletter_alten_software-architect.out)
(coverletter_alten_software-architect.out)
(C:\Users\andreas.butry\AppData\Local\Programs\MiKTeX\tex/latex/fontawesome6\uf
ontawesome6free3.fd)
(C:\Users\andreas.butry\AppData\Local\Programs\MiKTeX\tex/latex/fontawesome6\uf
ontawesome6brands1.fd)
(C:\Users\andreas.butry\AppData\Local\Programs\MiKTeX\tex/latex/lm\ot1lmr.fd)
(C:\Users\andreas.butry\AppData\Local\Programs\MiKTeX\tex/latex/lm\omllmm.fd)
(C:\Users\andreas.butry\AppData\Local\Programs\MiKTeX\tex/latex/lm\omslmsy.fd)
(C:\Users\andreas.butry\AppData\Local\Programs\MiKTeX\tex/latex/lm\omxlmex.fd)
(C:\Users\andreas.butry\AppData\Local\Programs\MiKTeX\tex/latex/fontawesome6\uf
ontawesome6free4.fd)
(C:\Users\andreas.butry\AppData\Local\Programs\MiKTeX\tex/latex/fontawesome6\uf
ontawesome6free0.fd)
(C:\Users\andreas.butry\AppData\Local\Programs\MiKTeX\tex/latex/fontawesome6\uf
ontawesome6free2.fd) [1{C:/Users/andreas.butry/AppData/Local/MiKTeX/fonts/map/p
dftex/pdftex.map}{C:/Users/andreas.butry/AppData/Local/Programs/MiKTeX/fonts/en
c/dvips/lm/lm-ec.enc}{C:/Users/andreas.butry/AppData/Local/Programs/MiKTeX/font
s/enc/dvips/fontawesome6/fa6free3.enc}{C:/Users/andreas.butry/AppData/Local/Pro
grams/MiKTeX/fonts/enc/dvips/fontawesome6/fa6free1.enc}{C:/Users/andreas.butry/
AppData/Local/Programs/MiKTeX/fonts/enc/dvips/fontawesome6/fa6brands1.enc}{C:/U
sers/andreas.butry/AppData/Local/Programs/MiKTeX/fonts/enc/dvips/fontawesome6/f
a6free4.enc}{C:/Users/andreas.butry/AppData/Local/Programs/MiKTeX/fonts/enc/dvi
ps/lm/lm-mathsy.enc}{C:/Users/andreas.butry/AppData/Local/Programs/MiKTeX/fonts
/enc/dvips/fontawesome6/fa6free0.enc}{C:/Users/andreas.butry/AppData/Local/Prog
rams/MiKTeX/fonts/enc/dvips/fontawesome6/fa6free2.enc}] [2] [3]
(coverletter_alten_software-architect.aux) )<C:/Users/andreas.butry/AppData/Loc
al/Programs/MiKTeX/fonts/type1/public/fontawesome6/FontAwesome6Brands-Regular.p
fb><C:/Users/andreas.butry/AppData/Local/Programs/MiKTeX/fonts/type1/public/fon
tawesome6/FontAwesome6Free-Regular.pfb><C:/Users/andreas.butry/AppData/Local/Pr
ograms/MiKTeX/fonts/type1/public/fontawesome6/FontAwesome6Free-Solid.pfb><C:/Us
ers/andreas.butry/AppData/Local/Programs/MiKTeX/fonts/type1/public/lm/lmb10.pfb
><C:/Users/andreas.butry/AppData/Local/Programs/MiKTeX/fonts/type1/public/lm/lm
r10.pfb><C:/Users/andreas.butry/AppData/Local/Programs/MiKTeX/fonts/type1/publi
c/lm/lmr9.pfb><C:/Users/andreas.butry/AppData/Local/Programs/MiKTeX/fonts/type1
/public/lm/lmri10.pfb><C:/Users/andreas.butry/AppData/Local/Programs/MiKTeX/fon
ts/type1/public/lm/lmri9.pfb><C:/Users/andreas.butry/AppData/Local/Programs/MiK
TeX/fonts/type1/public/lm/lmsy9.pfb>
Output written on coverletter_alten_software-architect.pdf (3 pages, 186999 byt
es).
Transcript written on coverletter_alten_software-architect.log.
